Copyright 1986-2022 Xilinx, Inc. All Rights Reserved. Copyright 2022-2024 Advanced Micro Devices, Inc. All Rights Reserved.
---------------------------------------------------------------------------------------------------------------------------------------------
| Tool Version : Vivado v.2024.1 (win64) Build 5076996 Wed May 22 18:37:14 MDT 2024
| Date         : Mon Nov  4 16:10:39 2024
| Host         : DESKTOP-HTVV1N1 running 64-bit major release  (build 9200)
| Command      : report_control_sets -verbose -file zynq_wrapper_control_sets_placed.rpt
| Design       : zynq_wrapper
| Device       : xck26
---------------------------------------------------------------------------------------------------------------------------------------------

Control Set Information

Table of Contents
-----------------
1. Summary
2. Histogram
3. Flip-Flop Distribution
4. Detailed Control Set Information

1. Summary
----------

+----------------------------------------------------------+-------+
|                          Status                          | Count |
+----------------------------------------------------------+-------+
| Total control sets                                       |    37 |
|    Minimum number of control sets                        |    37 |
|    Addition due to synthesis replication                 |     0 |
|    Addition due to physical synthesis replication        |     0 |
| Unused register locations in slices containing registers |    67 |
+----------------------------------------------------------+-------+
* Control sets can be merged at opt_design using control_set_merge or merge_equivalent_drivers
** Run report_qor_suggestions for automated merging and remapping suggestions


2. Histogram
------------

+--------------------+-------+
|       Fanout       | Count |
+--------------------+-------+
| Total control sets |    37 |
| >= 0 to < 4        |     7 |
| >= 4 to < 6        |     4 |
| >= 6 to < 8        |     3 |
| >= 8 to < 10       |     5 |
| >= 10 to < 12      |     1 |
| >= 12 to < 14      |     0 |
| >= 14 to < 16      |     0 |
| >= 16              |    17 |
+--------------------+-------+
* Control sets can be remapped at either synth_design or opt_design


3. Flip-Flop Distribution
-------------------------

+--------------+-----------------------+------------------------+-----------------+--------------+
| Clock Enable | Synchronous Set/Reset | Asynchronous Set/Reset | Total Registers | Total Slices |
+--------------+-----------------------+------------------------+-----------------+--------------+
| No           | No                    | No                     |             136 |           47 |
| No           | No                    | Yes                    |               0 |            0 |
| No           | Yes                   | No                     |              48 |           18 |
| Yes          | No                    | No                     |             363 |           61 |
| Yes          | No                    | Yes                    |               0 |            0 |
| Yes          | Yes                   | No                     |              90 |           23 |
+--------------+-----------------------+------------------------+-----------------+--------------+


4. Detailed Control Set Information
-----------------------------------

+---------------------------------+------------------------------------------------------------------------------------------------------------------------------------------------------+------------------------------------------------------------------------------------------------------------------------+------------------+----------------+--------------+
|           Clock Signal          |                                                                     Enable Signal                                                                    |                                                    Set/Reset Signal                                                    | Slice Load Count | Bel Load Count | Bels / Slice |
+---------------------------------+------------------------------------------------------------------------------------------------------------------------------------------------------+------------------------------------------------------------------------------------------------------------------------+------------------+----------------+--------------+
|  zynq_i/clk_wiz_0/inst/clk_out2 | zynq_i/ps8_0_axi_periph/s00_couplers/auto_pc/inst/gen_axilite.gen_b2s_conv.axilite_b2s/WR.b_channel_0/bresp_fifo_0/E[0]                              | zynq_i/ps8_0_axi_periph/s00_couplers/auto_pc/inst/gen_axilite.gen_b2s_conv.axilite_b2s/WR.b_channel_0/bid_fifo_0/SR[0] |                1 |              1 |         1.00 |
|  zynq_i/clk_wiz_0/inst/clk_out2 | zynq_i/ps8_0_axi_periph/s00_couplers/auto_pc/inst/gen_axilite.gen_b2s_conv.axilite_b2s/WR.b_channel_0/bid_fifo_0/bresp_push                          |                                                                                                                        |                1 |              1 |         1.00 |
|  zynq_i/clk_wiz_0/inst/clk_out2 |                                                                                                                                                      | zynq_i/axi_intc_0/U0/INTC_CORE_I/REG_GEN[0].ier[0]_i_1_n_0                                                             |                1 |              2 |         2.00 |
|  zynq_i/clk_wiz_0/inst/clk_out2 | zynq_i/ps8_0_axi_periph/s00_couplers/auto_pc/inst/gen_axilite.gen_b2s_conv.axilite_b2s/WR.b_channel_0/bid_fifo_0/E[0]                                | zynq_i/ps8_0_axi_periph/s00_couplers/auto_pc/inst/gen_axilite.gen_b2s_conv.axilite_b2s/areset_d1                       |                1 |              2 |         2.00 |
|  zynq_i/clk_wiz_0/inst/clk_out2 | zynq_i/ps8_0_axi_periph/s00_couplers/auto_pc/inst/gen_axilite.gen_b2s_conv.axilite_b2s/WR.b_channel_0/bid_fifo_0/cnt_read[1]_i_1_n_0                 | zynq_i/ps8_0_axi_periph/s00_couplers/auto_pc/inst/gen_axilite.gen_b2s_conv.axilite_b2s/areset_d1                       |                1 |              2 |         2.00 |
|  zynq_i/clk_wiz_0/inst/clk_out2 | zynq_i/axi_intc_0/U0/AXI_LITE_IPIF_I/I_SLAVE_ATTACHMENT/is_read_i_1_n_0                                                                              | zynq_i/axi_intc_0/U0/AXI_LITE_IPIF_I/I_SLAVE_ATTACHMENT/rst                                                            |                1 |              2 |         2.00 |
|  zynq_i/clk_wiz_0/inst/clk_out2 |                                                                                                                                                      | zynq_i/axi_intc_0/U0/INTC_CORE_I/REG_GEN[0].IAR_NORMAL_MODE_GEN.iar[0]_i_1_n_0                                         |                3 |              3 |         1.00 |
|  zynq_i/clk_wiz_0/inst/clk_out2 |                                                                                                                                                      | zynq_i/proc_sys_reset_2/U0/EXT_LPF/lpf_int                                                                             |                2 |              4 |         2.00 |
|  zynq_i/clk_wiz_0/inst/clk_out2 |                                                                                                                                                      | zynq_i/axi_intc_0/U0/AXI_LITE_IPIF_I/I_SLAVE_ATTACHMENT/clear                                                          |                2 |              4 |         2.00 |
|  zynq_i/clk_wiz_0/inst/clk_out2 | zynq_i/ps8_0_axi_periph/s00_couplers/auto_pc/inst/gen_axilite.gen_b2s_conv.axilite_b2s/RD.r_channel_0/rd_data_fifo_0/cnt_read[4]_i_1_n_0             | zynq_i/ps8_0_axi_periph/s00_couplers/auto_pc/inst/gen_axilite.gen_b2s_conv.axilite_b2s/areset_d1                       |                1 |              5 |         5.00 |
|  zynq_i/clk_wiz_0/inst/clk_out2 | zynq_i/ps8_0_axi_periph/s00_couplers/auto_pc/inst/gen_axilite.gen_b2s_conv.axilite_b2s/RD.r_channel_0/transaction_fifo_0/cnt_read[4]_i_1__0_n_0      | zynq_i/ps8_0_axi_periph/s00_couplers/auto_pc/inst/gen_axilite.gen_b2s_conv.axilite_b2s/areset_d1                       |                1 |              5 |         5.00 |
|  zynq_i/clk_wiz_0/inst/clk_out2 |                                                                                                                                                      | zynq_i/ps8_0_axi_periph/s00_couplers/auto_pc/inst/gen_axilite.gen_b2s_conv.axilite_b2s/areset_d1                       |                4 |              6 |         1.50 |
|  zynq_i/clk_wiz_0/inst/clk_out2 | zynq_i/proc_sys_reset_2/U0/SEQ/seq_cnt_en                                                                                                            | zynq_i/proc_sys_reset_2/U0/SEQ/seq_clr                                                                                 |                1 |              6 |         6.00 |
|  zynq_i/clk_wiz_0/inst/clk_out2 | zynq_i/axi_intc_0/U0/AXI_LITE_IPIF_I/I_SLAVE_ATTACHMENT/bus2ip_addr_i[8]_i_1_n_0                                                                     | zynq_i/axi_intc_0/U0/AXI_LITE_IPIF_I/I_SLAVE_ATTACHMENT/rst                                                            |                2 |              7 |         3.50 |
|  zynq_i/clk_wiz_0/inst/clk_out2 | zynq_i/ps8_0_axi_periph/s00_couplers/auto_pc/inst/gen_axilite.gen_b2s_conv.axilite_b2s/WR.b_channel_0/mhandshake_r                                   | zynq_i/ps8_0_axi_periph/s00_couplers/auto_pc/inst/gen_axilite.gen_b2s_conv.axilite_b2s/WR.b_channel_0/bid_fifo_0/SR[0] |                2 |              8 |         4.00 |
|  zynq_i/clk_wiz_0/inst/clk_out2 | zynq_i/ps8_0_axi_periph/s00_couplers/auto_pc/inst/gen_axilite.gen_b2s_conv.axilite_b2s/WR.aw_channel_0/aw_cmd_fsm_0/sel_first_reg_1[0]               |                                                                                                                        |                4 |              9 |         2.25 |
|  zynq_i/clk_wiz_0/inst/clk_out2 | zynq_i/ps8_0_axi_periph/s00_couplers/auto_pc/inst/gen_axilite.gen_b2s_conv.axilite_b2s/WR.aw_channel_0/aw_cmd_fsm_0/E[0]                             |                                                                                                                        |                5 |              9 |         1.80 |
|  zynq_i/clk_wiz_0/inst/clk_out2 | zynq_i/ps8_0_axi_periph/s00_couplers/auto_pc/inst/gen_axilite.gen_b2s_conv.axilite_b2s/RD.ar_channel_0/ar_cmd_fsm_0/sel_first_reg_1[0]               |                                                                                                                        |                5 |              9 |         1.80 |
|  zynq_i/clk_wiz_0/inst/clk_out2 | zynq_i/ps8_0_axi_periph/s00_couplers/auto_pc/inst/gen_axilite.gen_b2s_conv.axilite_b2s/RD.ar_channel_0/ar_cmd_fsm_0/FSM_sequential_state_reg[1]_0[0] |                                                                                                                        |                6 |              9 |         1.50 |
|  zynq_i/clk_wiz_0/inst/clk_out2 |                                                                                                                                                      | zynq_i/axi_intc_0/U0/AXI_LITE_IPIF_I/I_SLAVE_ATTACHMENT/rst                                                            |                3 |             11 |         3.67 |
|  zynq_i/clk_wiz_0/inst/clk_out2 | zynq_i/ps8_0_axi_periph/s00_couplers/auto_pc/inst/gen_axilite.gen_b2s_conv.axilite_b2s/SI_REG/b.b_pipe/p_1_in                                        |                                                                                                                        |                3 |             17 |         5.67 |
|  zynq_i/clk_wiz_0/inst/clk_out2 | zynq_i/ps8_0_axi_periph/s00_couplers/auto_pc/inst/gen_axilite.gen_b2s_conv.axilite_b2s/SI_REG/b.b_pipe/s_ready_i_reg_0                               |                                                                                                                        |                3 |             17 |         5.67 |
|  zynq_i/clk_wiz_0/inst/clk_out2 | zynq_i/ps8_0_axi_periph/s00_couplers/auto_pc/inst/gen_axilite.gen_b2s_conv.axilite_b2s/RD.r_channel_0/r_push_r                                       |                                                                                                                        |                3 |             17 |         5.67 |
|  zynq_i/clk_wiz_0/inst/clk_out2 |                                                                                                                                                      | zynq_i/proc_sys_reset_2/U0/peripheral_aresetn[0]                                                                       |                7 |             18 |         2.57 |
|  zynq_i/clk_wiz_0/inst/clk_out2 | zynq_i/axi_intc_0/U0/AXI_LITE_IPIF_I/I_SLAVE_ATTACHMENT/start2                                                                                       | zynq_i/axi_intc_0/U0/AXI_LITE_IPIF_I/I_SLAVE_ATTACHMENT/I_DECODER/cs_ce_clr                                            |                5 |             19 |         3.80 |
|  zynq_i/clk_wiz_0/inst/clk_out2 | zynq_i/ps8_0_axi_periph/s00_couplers/auto_pc/inst/gen_axilite.gen_b2s_conv.axilite_b2s/RD.ar_channel_0/ar_cmd_fsm_0/E[0]                             |                                                                                                                        |                9 |             22 |         2.44 |
|  zynq_i/clk_wiz_0/inst/clk_out2 | zynq_i/ps8_0_axi_periph/s00_couplers/auto_pc/inst/gen_axilite.gen_b2s_conv.axilite_b2s/WR.aw_channel_0/aw_cmd_fsm_0/m_valid_i_reg_0[0]               |                                                                                                                        |               10 |             23 |         2.30 |
|  zynq_i/clk_wiz_0/inst/clk_out2 | zynq_i/ps8_0_axi_periph/s00_couplers/auto_pc/inst/gen_axilite.gen_b2s_conv.axilite_b2s/WR.aw_channel_0/aw_cmd_fsm_0/cnt_read_reg[0]                  |                                                                                                                        |                2 |             24 |        12.00 |
|  zynq_i/clk_wiz_0/inst/clk_out2 | zynq_i/ps8_0_axi_periph/s00_couplers/auto_pc/inst/gen_axilite.gen_b2s_conv.axilite_b2s/RD.r_channel_0/rd_data_fifo_0/wr_en0                          |                                                                                                                        |                5 |             33 |         6.60 |
|  zynq_i/clk_wiz_0/inst/clk_out2 | zynq_i/axi_intc_0/U0/AXI_LITE_IPIF_I/I_SLAVE_ATTACHMENT/s_axi_rresp_i                                                                                | zynq_i/axi_intc_0/U0/AXI_LITE_IPIF_I/I_SLAVE_ATTACHMENT/rst                                                            |                8 |             33 |         4.12 |
|  zynq_i/clk_wiz_0/inst/clk_out2 | zynq_i/ps8_0_axi_periph/s00_couplers/auto_pc/inst/gen_axilite.gen_b2s_conv.axilite_b2s/SI_REG/ar.ar_pipe/s_ready_i_reg_0                             |                                                                                                                        |               11 |             37 |         3.36 |
|  zynq_i/clk_wiz_0/inst/clk_out2 | zynq_i/ps8_0_axi_periph/s00_couplers/auto_pc/inst/gen_axilite.gen_b2s_conv.axilite_b2s/RD.ar_channel_0/ar_cmd_fsm_0/m_valid_i_reg[0]                 |                                                                                                                        |                9 |             37 |         4.11 |
|  zynq_i/clk_wiz_0/inst/clk_out2 | zynq_i/ps8_0_axi_periph/s00_couplers/auto_pc/inst/gen_axilite.gen_b2s_conv.axilite_b2s/WR.aw_channel_0/aw_cmd_fsm_0/m_valid_i_reg_1[0]               |                                                                                                                        |               12 |             37 |         3.08 |
|  zynq_i/clk_wiz_0/inst/clk_out2 | zynq_i/ps8_0_axi_periph/s00_couplers/auto_pc/inst/gen_axilite.gen_b2s_conv.axilite_b2s/SI_REG/aw.aw_pipe/s_ready_i_reg_0                             |                                                                                                                        |               13 |             37 |         2.85 |
|  zynq_i/clk_wiz_0/inst/clk_out2 | zynq_i/ps8_0_axi_periph/s00_couplers/auto_pc/inst/gen_axilite.gen_b2s_conv.axilite_b2s/SI_REG/r.r_pipe/p_1_in                                        |                                                                                                                        |                9 |             50 |         5.56 |
|  zynq_i/clk_wiz_0/inst/clk_out2 | zynq_i/ps8_0_axi_periph/s00_couplers/auto_pc/inst/gen_axilite.gen_b2s_conv.axilite_b2s/SI_REG/r.r_pipe/si_rs_rready                                  |                                                                                                                        |                9 |             50 |         5.56 |
|  zynq_i/clk_wiz_0/inst/clk_out2 |                                                                                                                                                      |                                                                                                                        |               47 |            137 |         2.91 |
+---------------------------------+------------------------------------------------------------------------------------------------------------------------------------------------------+------------------------------------------------------------------------------------------------------------------------+------------------+----------------+--------------+


